INFO:root:Starting chess game...
INFO:root:Attempting to load: C:\Users\sammi\AppData\Local\Temp\_MEI96882\images\bR.png
ERROR:root:Image file not found: C:\Users\sammi\AppData\Local\Temp\_MEI96882\images\bR.png
INFO:root:Attempting to load: C:\Users\sammi\AppData\Local\Temp\_MEI96882\images\bN.png
ERROR:root:Image file not found: C:\Users\sammi\AppData\Local\Temp\_MEI96882\images\bN.png
INFO:root:Attempting to load: C:\Users\sammi\AppData\Local\Temp\_MEI96882\images\bB.png
ERROR:root:Image file not found: C:\Users\sammi\AppData\Local\Temp\_MEI96882\images\bB.png
INFO:root:Attempting to load: C:\Users\sammi\AppData\Local\Temp\_MEI96882\images\bQ.png
ERROR:root:Image file not found: C:\Users\sammi\AppData\Local\Temp\_MEI96882\images\bQ.png
INFO:root:Attempting to load: C:\Users\sammi\AppData\Local\Temp\_MEI96882\images\bK.png
ERROR:root:Image file not found: C:\Users\sammi\AppData\Local\Temp\_MEI96882\images\bK.png
INFO:root:Attempting to load: C:\Users\sammi\AppData\Local\Temp\_MEI96882\images\bP.png
ERROR:root:Image file not found: C:\Users\sammi\AppData\Local\Temp\_MEI96882\images\bP.png
INFO:root:Attempting to load: C:\Users\sammi\AppData\Local\Temp\_MEI96882\images\wR.png
ERROR:root:Image file not found: C:\Users\sammi\AppData\Local\Temp\_MEI96882\images\wR.png
INFO:root:Attempting to load: C:\Users\sammi\AppData\Local\Temp\_MEI96882\images\wN.png
ERROR:root:Image file not found: C:\Users\sammi\AppData\Local\Temp\_MEI96882\images\wN.png
INFO:root:Attempting to load: C:\Users\sammi\AppData\Local\Temp\_MEI96882\images\wB.png
ERROR:root:Image file not found: C:\Users\sammi\AppData\Local\Temp\_MEI96882\images\wB.png
INFO:root:Attempting to load: C:\Users\sammi\AppData\Local\Temp\_MEI96882\images\wQ.png
ERROR:root:Image file not found: C:\Users\sammi\AppData\Local\Temp\_MEI96882\images\wQ.png
INFO:root:Attempting to load: C:\Users\sammi\AppData\Local\Temp\_MEI96882\images\wK.png
ERROR:root:Image file not found: C:\Users\sammi\AppData\Local\Temp\_MEI96882\images\wK.png
INFO:root:Attempting to load: C:\Users\sammi\AppData\Local\Temp\_MEI96882\images\wP.png
ERROR:root:Image file not found: C:\Users\sammi\AppData\Local\Temp\_MEI96882\images\wP.png
INFO:root:Starting chess game...
INFO:root:Attempting to load: C:\Users\sammi\AppData\Local\Temp\_MEI316162\images\bR.png
ERROR:root:Image file not found: C:\Users\sammi\AppData\Local\Temp\_MEI316162\images\bR.png
INFO:root:Attempting to load: C:\Users\sammi\AppData\Local\Temp\_MEI316162\images\bN.png
ERROR:root:Image file not found: C:\Users\sammi\AppData\Local\Temp\_MEI316162\images\bN.png
INFO:root:Attempting to load: C:\Users\sammi\AppData\Local\Temp\_MEI316162\images\bB.png
ERROR:root:Image file not found: C:\Users\sammi\AppData\Local\Temp\_MEI316162\images\bB.png
INFO:root:Attempting to load: C:\Users\sammi\AppData\Local\Temp\_MEI316162\images\bQ.png
ERROR:root:Image file not found: C:\Users\sammi\AppData\Local\Temp\_MEI316162\images\bQ.png
INFO:root:Attempting to load: C:\Users\sammi\AppData\Local\Temp\_MEI316162\images\bK.png
ERROR:root:Image file not found: C:\Users\sammi\AppData\Local\Temp\_MEI316162\images\bK.png
INFO:root:Attempting to load: C:\Users\sammi\AppData\Local\Temp\_MEI316162\images\bP.png
ERROR:root:Image file not found: C:\Users\sammi\AppData\Local\Temp\_MEI316162\images\bP.png
INFO:root:Attempting to load: C:\Users\sammi\AppData\Local\Temp\_MEI316162\images\wR.png
ERROR:root:Image file not found: C:\Users\sammi\AppData\Local\Temp\_MEI316162\images\wR.png
INFO:root:Attempting to load: C:\Users\sammi\AppData\Local\Temp\_MEI316162\images\wN.png
ERROR:root:Image file not found: C:\Users\sammi\AppData\Local\Temp\_MEI316162\images\wN.png
INFO:root:Attempting to load: C:\Users\sammi\AppData\Local\Temp\_MEI316162\images\wB.png
ERROR:root:Image file not found: C:\Users\sammi\AppData\Local\Temp\_MEI316162\images\wB.png
INFO:root:Attempting to load: C:\Users\sammi\AppData\Local\Temp\_MEI316162\images\wQ.png
ERROR:root:Image file not found: C:\Users\sammi\AppData\Local\Temp\_MEI316162\images\wQ.png
INFO:root:Attempting to load: C:\Users\sammi\AppData\Local\Temp\_MEI316162\images\wK.png
ERROR:root:Image file not found: C:\Users\sammi\AppData\Local\Temp\_MEI316162\images\wK.png
INFO:root:Attempting to load: C:\Users\sammi\AppData\Local\Temp\_MEI316162\images\wP.png
ERROR:root:Image file not found: C:\Users\sammi\AppData\Local\Temp\_MEI316162\images\wP.png
INFO:root:Starting chess game...
INFO:root:Attempting to load: C:\Users\sammi\AppData\Local\Temp\_MEI69642\images\bR.png
ERROR:root:Image file not found: C:\Users\sammi\AppData\Local\Temp\_MEI69642\images\bR.png
INFO:root:Attempting to load: C:\Users\sammi\AppData\Local\Temp\_MEI69642\images\bN.png
ERROR:root:Image file not found: C:\Users\sammi\AppData\Local\Temp\_MEI69642\images\bN.png
INFO:root:Attempting to load: C:\Users\sammi\AppData\Local\Temp\_MEI69642\images\bB.png
ERROR:root:Image file not found: C:\Users\sammi\AppData\Local\Temp\_MEI69642\images\bB.png
INFO:root:Attempting to load: C:\Users\sammi\AppData\Local\Temp\_MEI69642\images\bQ.png
ERROR:root:Image file not found: C:\Users\sammi\AppData\Local\Temp\_MEI69642\images\bQ.png
INFO:root:Attempting to load: C:\Users\sammi\AppData\Local\Temp\_MEI69642\images\bK.png
ERROR:root:Image file not found: C:\Users\sammi\AppData\Local\Temp\_MEI69642\images\bK.png
INFO:root:Attempting to load: C:\Users\sammi\AppData\Local\Temp\_MEI69642\images\bP.png
ERROR:root:Image file not found: C:\Users\sammi\AppData\Local\Temp\_MEI69642\images\bP.png
INFO:root:Attempting to load: C:\Users\sammi\AppData\Local\Temp\_MEI69642\images\wR.png
ERROR:root:Image file not found: C:\Users\sammi\AppData\Local\Temp\_MEI69642\images\wR.png
INFO:root:Attempting to load: C:\Users\sammi\AppData\Local\Temp\_MEI69642\images\wN.png
ERROR:root:Image file not found: C:\Users\sammi\AppData\Local\Temp\_MEI69642\images\wN.png
INFO:root:Attempting to load: C:\Users\sammi\AppData\Local\Temp\_MEI69642\images\wB.png
ERROR:root:Image file not found: C:\Users\sammi\AppData\Local\Temp\_MEI69642\images\wB.png
INFO:root:Attempting to load: C:\Users\sammi\AppData\Local\Temp\_MEI69642\images\wQ.png
ERROR:root:Image file not found: C:\Users\sammi\AppData\Local\Temp\_MEI69642\images\wQ.png
INFO:root:Attempting to load: C:\Users\sammi\AppData\Local\Temp\_MEI69642\images\wK.png
ERROR:root:Image file not found: C:\Users\sammi\AppData\Local\Temp\_MEI69642\images\wK.png
INFO:root:Attempting to load: C:\Users\sammi\AppData\Local\Temp\_MEI69642\images\wP.png
ERROR:root:Image file not found: C:\Users\sammi\AppData\Local\Temp\_MEI69642\images\wP.png
INFO:root:Starting chess game...
INFO:root:Attempting to load: C:\Users\sammi\AppData\Local\Temp\_MEI148202\images\bR.png
ERROR:root:Image file not found: C:\Users\sammi\AppData\Local\Temp\_MEI148202\images\bR.png
INFO:root:Attempting to load: C:\Users\sammi\AppData\Local\Temp\_MEI148202\images\bN.png
ERROR:root:Image file not found: C:\Users\sammi\AppData\Local\Temp\_MEI148202\images\bN.png
INFO:root:Attempting to load: C:\Users\sammi\AppData\Local\Temp\_MEI148202\images\bB.png
ERROR:root:Image file not found: C:\Users\sammi\AppData\Local\Temp\_MEI148202\images\bB.png
INFO:root:Attempting to load: C:\Users\sammi\AppData\Local\Temp\_MEI148202\images\bQ.png
ERROR:root:Image file not found: C:\Users\sammi\AppData\Local\Temp\_MEI148202\images\bQ.png
INFO:root:Attempting to load: C:\Users\sammi\AppData\Local\Temp\_MEI148202\images\bK.png
ERROR:root:Image file not found: C:\Users\sammi\AppData\Local\Temp\_MEI148202\images\bK.png
INFO:root:Attempting to load: C:\Users\sammi\AppData\Local\Temp\_MEI148202\images\bP.png
ERROR:root:Image file not found: C:\Users\sammi\AppData\Local\Temp\_MEI148202\images\bP.png
INFO:root:Attempting to load: C:\Users\sammi\AppData\Local\Temp\_MEI148202\images\wR.png
ERROR:root:Image file not found: C:\Users\sammi\AppData\Local\Temp\_MEI148202\images\wR.png
INFO:root:Attempting to load: C:\Users\sammi\AppData\Local\Temp\_MEI148202\images\wN.png
ERROR:root:Image file not found: C:\Users\sammi\AppData\Local\Temp\_MEI148202\images\wN.png
INFO:root:Attempting to load: C:\Users\sammi\AppData\Local\Temp\_MEI148202\images\wB.png
ERROR:root:Image file not found: C:\Users\sammi\AppData\Local\Temp\_MEI148202\images\wB.png
INFO:root:Attempting to load: C:\Users\sammi\AppData\Local\Temp\_MEI148202\images\wQ.png
ERROR:root:Image file not found: C:\Users\sammi\AppData\Local\Temp\_MEI148202\images\wQ.png
INFO:root:Attempting to load: C:\Users\sammi\AppData\Local\Temp\_MEI148202\images\wK.png
ERROR:root:Image file not found: C:\Users\sammi\AppData\Local\Temp\_MEI148202\images\wK.png
INFO:root:Attempting to load: C:\Users\sammi\AppData\Local\Temp\_MEI148202\images\wP.png
ERROR:root:Image file not found: C:\Users\sammi\AppData\Local\Temp\_MEI148202\images\wP.png
INFO:root:Starting chess game...
INFO:root:Attempting to load: C:\Users\sammi\AppData\Local\Temp\_MEI210522\images\bR.png
ERROR:root:Image file not found: C:\Users\sammi\AppData\Local\Temp\_MEI210522\images\bR.png
INFO:root:Attempting to load: C:\Users\sammi\AppData\Local\Temp\_MEI210522\images\bN.png
ERROR:root:Image file not found: C:\Users\sammi\AppData\Local\Temp\_MEI210522\images\bN.png
INFO:root:Attempting to load: C:\Users\sammi\AppData\Local\Temp\_MEI210522\images\bB.png
ERROR:root:Image file not found: C:\Users\sammi\AppData\Local\Temp\_MEI210522\images\bB.png
INFO:root:Attempting to load: C:\Users\sammi\AppData\Local\Temp\_MEI210522\images\bQ.png
ERROR:root:Image file not found: C:\Users\sammi\AppData\Local\Temp\_MEI210522\images\bQ.png
INFO:root:Attempting to load: C:\Users\sammi\AppData\Local\Temp\_MEI210522\images\bK.png
ERROR:root:Image file not found: C:\Users\sammi\AppData\Local\Temp\_MEI210522\images\bK.png
INFO:root:Attempting to load: C:\Users\sammi\AppData\Local\Temp\_MEI210522\images\bP.png
ERROR:root:Image file not found: C:\Users\sammi\AppData\Local\Temp\_MEI210522\images\bP.png
INFO:root:Attempting to load: C:\Users\sammi\AppData\Local\Temp\_MEI210522\images\wR.png
ERROR:root:Image file not found: C:\Users\sammi\AppData\Local\Temp\_MEI210522\images\wR.png
INFO:root:Attempting to load: C:\Users\sammi\AppData\Local\Temp\_MEI210522\images\wN.png
ERROR:root:Image file not found: C:\Users\sammi\AppData\Local\Temp\_MEI210522\images\wN.png
INFO:root:Attempting to load: C:\Users\sammi\AppData\Local\Temp\_MEI210522\images\wB.png
ERROR:root:Image file not found: C:\Users\sammi\AppData\Local\Temp\_MEI210522\images\wB.png
INFO:root:Attempting to load: C:\Users\sammi\AppData\Local\Temp\_MEI210522\images\wQ.png
ERROR:root:Image file not found: C:\Users\sammi\AppData\Local\Temp\_MEI210522\images\wQ.png
INFO:root:Attempting to load: C:\Users\sammi\AppData\Local\Temp\_MEI210522\images\wK.png
ERROR:root:Image file not found: C:\Users\sammi\AppData\Local\Temp\_MEI210522\images\wK.png
INFO:root:Attempting to load: C:\Users\sammi\AppData\Local\Temp\_MEI210522\images\wP.png
ERROR:root:Image file not found: C:\Users\sammi\AppData\Local\Temp\_MEI210522\images\wP.png
INFO:root:Starting chess game...
INFO:root:Attempting to load: C:\Users\sammi\AppData\Local\Temp\_MEI315602\images\bR.png
ERROR:root:Image file not found: C:\Users\sammi\AppData\Local\Temp\_MEI315602\images\bR.png
INFO:root:Attempting to load: C:\Users\sammi\AppData\Local\Temp\_MEI315602\images\bN.png
ERROR:root:Image file not found: C:\Users\sammi\AppData\Local\Temp\_MEI315602\images\bN.png
INFO:root:Attempting to load: C:\Users\sammi\AppData\Local\Temp\_MEI315602\images\bB.png
ERROR:root:Image file not found: C:\Users\sammi\AppData\Local\Temp\_MEI315602\images\bB.png
INFO:root:Attempting to load: C:\Users\sammi\AppData\Local\Temp\_MEI315602\images\bQ.png
ERROR:root:Image file not found: C:\Users\sammi\AppData\Local\Temp\_MEI315602\images\bQ.png
INFO:root:Attempting to load: C:\Users\sammi\AppData\Local\Temp\_MEI315602\images\bK.png
ERROR:root:Image file not found: C:\Users\sammi\AppData\Local\Temp\_MEI315602\images\bK.png
INFO:root:Attempting to load: C:\Users\sammi\AppData\Local\Temp\_MEI315602\images\bP.png
ERROR:root:Image file not found: C:\Users\sammi\AppData\Local\Temp\_MEI315602\images\bP.png
INFO:root:Attempting to load: C:\Users\sammi\AppData\Local\Temp\_MEI315602\images\wR.png
ERROR:root:Image file not found: C:\Users\sammi\AppData\Local\Temp\_MEI315602\images\wR.png
INFO:root:Attempting to load: C:\Users\sammi\AppData\Local\Temp\_MEI315602\images\wN.png
ERROR:root:Image file not found: C:\Users\sammi\AppData\Local\Temp\_MEI315602\images\wN.png
INFO:root:Attempting to load: C:\Users\sammi\AppData\Local\Temp\_MEI315602\images\wB.png
ERROR:root:Image file not found: C:\Users\sammi\AppData\Local\Temp\_MEI315602\images\wB.png
INFO:root:Attempting to load: C:\Users\sammi\AppData\Local\Temp\_MEI315602\images\wQ.png
ERROR:root:Image file not found: C:\Users\sammi\AppData\Local\Temp\_MEI315602\images\wQ.png
INFO:root:Attempting to load: C:\Users\sammi\AppData\Local\Temp\_MEI315602\images\wK.png
ERROR:root:Image file not found: C:\Users\sammi\AppData\Local\Temp\_MEI315602\images\wK.png
INFO:root:Attempting to load: C:\Users\sammi\AppData\Local\Temp\_MEI315602\images\wP.png
ERROR:root:Image file not found: C:\Users\sammi\AppData\Local\Temp\_MEI315602\images\wP.png
INFO:root:Starting chess game...
INFO:root:Attempting to load: C:\Users\sammi\AppData\Local\Temp\_MEI336802\images\bR.png
ERROR:root:Image file not found: C:\Users\sammi\AppData\Local\Temp\_MEI336802\images\bR.png
INFO:root:Attempting to load: C:\Users\sammi\AppData\Local\Temp\_MEI336802\images\bN.png
ERROR:root:Image file not found: C:\Users\sammi\AppData\Local\Temp\_MEI336802\images\bN.png
INFO:root:Attempting to load: C:\Users\sammi\AppData\Local\Temp\_MEI336802\images\bB.png
ERROR:root:Image file not found: C:\Users\sammi\AppData\Local\Temp\_MEI336802\images\bB.png
INFO:root:Attempting to load: C:\Users\sammi\AppData\Local\Temp\_MEI336802\images\bQ.png
ERROR:root:Image file not found: C:\Users\sammi\AppData\Local\Temp\_MEI336802\images\bQ.png
INFO:root:Attempting to load: C:\Users\sammi\AppData\Local\Temp\_MEI336802\images\bK.png
ERROR:root:Image file not found: C:\Users\sammi\AppData\Local\Temp\_MEI336802\images\bK.png
INFO:root:Attempting to load: C:\Users\sammi\AppData\Local\Temp\_MEI336802\images\bP.png
ERROR:root:Image file not found: C:\Users\sammi\AppData\Local\Temp\_MEI336802\images\bP.png
INFO:root:Attempting to load: C:\Users\sammi\AppData\Local\Temp\_MEI336802\images\wR.png
ERROR:root:Image file not found: C:\Users\sammi\AppData\Local\Temp\_MEI336802\images\wR.png
INFO:root:Attempting to load: C:\Users\sammi\AppData\Local\Temp\_MEI336802\images\wN.png
ERROR:root:Image file not found: C:\Users\sammi\AppData\Local\Temp\_MEI336802\images\wN.png
INFO:root:Attempting to load: C:\Users\sammi\AppData\Local\Temp\_MEI336802\images\wB.png
ERROR:root:Image file not found: C:\Users\sammi\AppData\Local\Temp\_MEI336802\images\wB.png
INFO:root:Attempting to load: C:\Users\sammi\AppData\Local\Temp\_MEI336802\images\wQ.png
ERROR:root:Image file not found: C:\Users\sammi\AppData\Local\Temp\_MEI336802\images\wQ.png
INFO:root:Attempting to load: C:\Users\sammi\AppData\Local\Temp\_MEI336802\images\wK.png
ERROR:root:Image file not found: C:\Users\sammi\AppData\Local\Temp\_MEI336802\images\wK.png
INFO:root:Attempting to load: C:\Users\sammi\AppData\Local\Temp\_MEI336802\images\wP.png
ERROR:root:Image file not found: C:\Users\sammi\AppData\Local\Temp\_MEI336802\images\wP.png
